d:\3d engine\3d engine\x64\debug\vc143.pdb
d:\3d engine\3d engine\x64\debug\vc143.idb
d:\3d engine\3d engine\x64\debug\3d engine.obj
d:\3d engine\3d engine\x64\debug\3d engine.ilk
d:\3d engine\x64\debug\3d engine.pdb
d:\3d engine\3d engine\x64\debug\3d engine.tlog\cl.command.1.tlog
d:\3d engine\3d engine\x64\debug\3d engine.tlog\cl.items.tlog
d:\3d engine\3d engine\x64\debug\3d engine.tlog\cl.read.1.tlog
d:\3d engine\3d engine\x64\debug\3d engine.tlog\cl.write.1.tlog
d:\3d engine\3d engine\x64\debug\3d engine.tlog\link.17696-cvtres.read.1.tlog
d:\3d engine\3d engine\x64\debug\3d engine.tlog\link.17696-cvtres.write.1.tlog
d:\3d engine\3d engine\x64\debug\3d engine.tlog\link.17696-rc.read.1.tlog
d:\3d engine\3d engine\x64\debug\3d engine.tlog\link.17696-rc.write.1.tlog
d:\3d engine\3d engine\x64\debug\3d engine.tlog\link.17696.read.1.tlog
d:\3d engine\3d engine\x64\debug\3d engine.tlog\link.17696.read.2.tlog
d:\3d engine\3d engine\x64\debug\3d engine.tlog\link.17696.write.1.tlog
d:\3d engine\3d engine\x64\debug\3d engine.tlog\link.command.1.tlog
d:\3d engine\3d engine\x64\debug\3d engine.tlog\link.read.1.tlog
d:\3d engine\3d engine\x64\debug\3d engine.tlog\link.secondary.1.tlog
d:\3d engine\3d engine\x64\debug\3d engine.tlog\link.write.1.tlog
